[1] Puma starting in cluster mode...
[1] * Puma version: 8.0.1 ("Into the Arena")
[1] * Ruby version: ruby 4.0.5 (2026-05-20 revision 64336ffd0e) +YJIT +MN +PRISM [x86_64-linux]
[1] *  Min threads: 4
[1] *  Max threads: 4
[1] *  Environment: production
[1] *   Master PID: 1
[1] *      Workers: 64
[1] *     Restarts: (✔) hot (✖) phased (✖) refork
[1] * Preloading application
[1] * Listening on http://0.0.0.0:8080
[1] * Listening on ssl://0.0.0.0:8081?cert=/certs/server.crt&key=/certs/server.key
[1] Use Ctrl-C to stop
[1] ! WARNING: Detected `RUBY_MN_THREADS=1`
[1] ! This setting is known to cause performance regressions with Puma.
[1] ! Consider disabling this environment variable: https://github.com/puma/puma/issues/3720
[1] - Worker 0 (PID: 8) booted in 0.11s, phase: 0
[1] - Worker 1 (PID: 12) booted in 0.11s, phase: 0
[1] - Worker 2 (PID: 16) booted in 0.1s, phase: 0
[1] - Worker 3 (PID: 20) booted in 0.1s, phase: 0
[1] - Worker 4 (PID: 24) booted in 0.1s, phase: 0
[1] - Worker 5 (PID: 28) booted in 0.1s, phase: 0
[1] - Worker 6 (PID: 32) booted in 0.1s, phase: 0
[1] - Worker 7 (PID: 37) booted in 0.1s, phase: 0
[1] - Worker 8 (PID: 42) booted in 0.09s, phase: 0
[1] - Worker 9 (PID: 46) booted in 0.09s, phase: 0
[1] - Worker 10 (PID: 51) booted in 0.09s, phase: 0
[1] - Worker 11 (PID: 56) booted in 0.09s, phase: 0
[1] - Worker 12 (PID: 61) booted in 0.09s, phase: 0
[1] - Worker 13 (PID: 69) booted in 0.09s, phase: 0
[1] - Worker 14 (PID: 75) booted in 0.09s, phase: 0
[1] - Worker 15 (PID: 81) booted in 0.08s, phase: 0
[1] - Worker 16 (PID: 87) booted in 0.08s, phase: 0
[1] - Worker 17 (PID: 92) booted in 0.08s, phase: 0
[1] - Worker 18 (PID: 99) booted in 0.08s, phase: 0
[1] - Worker 19 (PID: 103) booted in 0.08s, phase: 0
[1] - Worker 20 (PID: 108) booted in 0.08s, phase: 0
[1] - Worker 21 (PID: 114) booted in 0.08s, phase: 0
[1] - Worker 22 (PID: 119) booted in 0.08s, phase: 0
[1] - Worker 23 (PID: 125) booted in 0.08s, phase: 0
[1] - Worker 24 (PID: 131) booted in 0.08s, phase: 0
[1] - Worker 25 (PID: 137) booted in 0.07s, phase: 0
[1] - Worker 26 (PID: 142) booted in 0.07s, phase: 0
[1] - Worker 27 (PID: 148) booted in 0.07s, phase: 0
[1] - Worker 28 (PID: 154) booted in 0.07s, phase: 0
[1] - Worker 29 (PID: 162) booted in 0.07s, phase: 0
[1] - Worker 30 (PID: 173) booted in 0.07s, phase: 0
[1] - Worker 31 (PID: 177) booted in 0.06s, phase: 0
[1] - Worker 32 (PID: 183) booted in 0.06s, phase: 0
[1] - Worker 33 (PID: 191) booted in 0.06s, phase: 0
[1] - Worker 34 (PID: 195) booted in 0.06s, phase: 0
[1] - Worker 35 (PID: 200) booted in 0.06s, phase: 0
[1] - Worker 36 (PID: 206) booted in 0.06s, phase: 0
[1] - Worker 37 (PID: 212) booted in 0.07s, phase: 0
[1] - Worker 38 (PID: 218) booted in 0.07s, phase: 0
[1] - Worker 39 (PID: 224) booted in 0.06s, phase: 0
[1] - Worker 40 (PID: 229) booted in 0.06s, phase: 0
[1] - Worker 41 (PID: 234) booted in 0.06s, phase: 0
[1] - Worker 42 (PID: 240) booted in 0.06s, phase: 0
[1] - Worker 43 (PID: 245) booted in 0.06s, phase: 0
[1] - Worker 44 (PID: 249) booted in 0.06s, phase: 0
[1] - Worker 45 (PID: 258) booted in 0.06s, phase: 0
[1] - Worker 46 (PID: 266) booted in 0.05s, phase: 0
[1] - Worker 47 (PID: 271) booted in 0.05s, phase: 0
[1] - Worker 48 (PID: 277) booted in 0.05s, phase: 0
[1] - Worker 49 (PID: 282) booted in 0.05s, phase: 0
[1] - Worker 50 (PID: 288) booted in 0.05s, phase: 0
[1] - Worker 51 (PID: 293) booted in 0.05s, phase: 0
[1] - Worker 52 (PID: 299) booted in 0.05s, phase: 0
[1] - Worker 53 (PID: 305) booted in 0.05s, phase: 0
[1] - Worker 54 (PID: 310) booted in 0.04s, phase: 0
[1] - Worker 55 (PID: 315) booted in 0.04s, phase: 0
[1] - Worker 56 (PID: 321) booted in 0.04s, phase: 0
[1] - Worker 57 (PID: 327) booted in 0.04s, phase: 0
[1] - Worker 58 (PID: 333) booted in 0.04s, phase: 0
[1] - Worker 59 (PID: 339) booted in 0.04s, phase: 0
[1] - Worker 60 (PID: 344) booted in 0.04s, phase: 0
[1] - Worker 61 (PID: 350) booted in 0.04s, phase: 0
[1] - Worker 62 (PID: 355) booted in 0.03s, phase: 0
[1] - Worker 63 (PID: 361) booted in 0.03s, phase: 0
