Exec: /app/erts-17.0.1/bin/erlexec -noinput +Bd -boot /app/releases/0.1.0/start -mode embedded -boot_var SYSTEM_LIB_DIR /app/lib -config /app/releases/0.1.0/sys.config -args_file /app/releases/0.1.0/vm.args -- foreground
Root: /app
/app
=ESOCK WARNING MSG==== 11-Jun-2026::00:27:06.783238 ===
[UNIX-ESSIO] Failed open sctp dynamic library: libsctp.so.1
=ERROR REPORT==== 11-Jun-2026::00:27:12.696535 ===
    reason: {case_clause,{error,closed}}
    msg: roadrunner handler crashed
    handler: roadrunner_httparena_handler
    stacktrace: [{roadrunner_httparena_handler,consume_body,2,
                     [{file,"/src/src/roadrunner_httparena_handler.erl"},
                      {line,75}]},
                 {roadrunner_httparena_handler,upload_endpoint,1,
                     [{file,"/src/src/roadrunner_httparena_handler.erl"},
                      {line,65}]},
                 {roadrunner_compress,call,3,
                     [{file,
                          "/src/_build/default/lib/roadrunner/src/roadrunner_compress.erl"},
                      {line,77}]},
                 {roadrunner_conn_loop,run_pipeline,4,
                     [{file,
                          "/src/_build/default/lib/roadrunner/src/roadrunner_conn_loop.erl"},
                      {line,631}]},
                 {proc_lib,init_p_do_apply,3,
                     [{file,"proc_lib.erl"},{line,333}]}]
    class: error
=ERROR REPORT==== 11-Jun-2026::00:27:12.696570 ===
    reason: {case_clause,{error,closed}}
    msg: roadrunner handler crashed
    handler: roadrunner_httparena_handler
    stacktrace: [{roadrunner_httparena_handler,consume_body,2,
                     [{file,"/src/src/roadrunner_httparena_handler.erl"},
                      {line,75}]},
                 {roadrunner_httparena_handler,upload_endpoint,1,
                     [{file,"/src/src/roadrunner_httparena_handler.erl"},
                      {line,65}]},
                 {roadrunner_compress,call,3,
                     [{file,
                          "/src/_build/default/lib/roadrunner/src/roadrunner_compress.erl"},
                      {line,77}]},
                 {roadrunner_conn_loop,run_pipeline,4,
                     [{file,
                          "/src/_build/default/lib/roadrunner/src/roadrunner_conn_loop.erl"},
                      {line,631}]},
                 {proc_lib,init_p_do_apply,3,
                     [{file,"proc_lib.erl"},{line,333}]}]
    class: error
=ERROR REPORT==== 11-Jun-2026::00:27:12.696605 ===
    reason: {case_clause,{error,closed}}
    msg: roadrunner handler crashed
    handler: roadrunner_httparena_handler
    stacktrace: [{roadrunner_httparena_handler,consume_body,2,
                     [{file,"/src/src/roadrunner_httparena_handler.erl"},
                      {line,75}]},
                 {roadrunner_httparena_handler,upload_endpoint,1,
                     [{file,"/src/src/roadrunner_httparena_handler.erl"},
                      {line,65}]},
                 {roadrunner_compress,call,3,
                     [{file,
                          "/src/_build/default/lib/roadrunner/src/roadrunner_compress.erl"},
                      {line,77}]},
                 {roadrunner_conn_loop,run_pipeline,4,
                     [{file,
                          "/src/_build/default/lib/roadrunner/src/roadrunner_conn_loop.erl"},
                      {line,631}]},
                 {proc_lib,init_p_do_apply,3,
                     [{file,"proc_lib.erl"},{line,333}]}]
    class: error
=ERROR REPORT==== 11-Jun-2026::00:27:12.696583 ===
    reason: {case_clause,{error,closed}}
    msg: roadrunner handler crashed
    handler: roadrunner_httparena_handler
    stacktrace: [{roadrunner_httparena_handler,consume_body,2,
                     [{file,"/src/src/roadrunner_httparena_handler.erl"},
                      {line,75}]},
                 {roadrunner_httparena_handler,upload_endpoint,1,
                     [{file,"/src/src/roadrunner_httparena_handler.erl"},
                      {line,65}]},
                 {roadrunner_compress,call,3,
                     [{file,
                          "/src/_build/default/lib/roadrunner/src/roadrunner_compress.erl"},
                      {line,77}]},
                 {roadrunner_conn_loop,run_pipeline,4,
                     [{file,
                          "/src/_build/default/lib/roadrunner/src/roadrunner_conn_loop.erl"},
                      {line,631}]},
                 {proc_lib,init_p_do_apply,3,
                     [{file,"proc_lib.erl"},{line,333}]}]
    class: error
=ERROR REPORT==== 11-Jun-2026::00:27:12.696590 ===
    reason: {case_clause,{error,closed}}
    msg: roadrunner handler crashed
    handler: roadrunner_httparena_handler
    stacktrace: [{roadrunner_httparena_handler,consume_body,2,
                     [{file,"/src/src/roadrunner_httparena_handler.erl"},
                      {line,75}]},
                 {roadrunner_httparena_handler,upload_endpoint,1,
                     [{file,"/src/src/roadrunner_httparena_handler.erl"},
                      {line,65}]},
                 {roadrunner_compress,call,3,
                     [{file,
                          "/src/_build/default/lib/roadrunner/src/roadrunner_compress.erl"},
                      {line,77}]},
                 {roadrunner_conn_loop,run_pipeline,4,
                     [{file,
                          "/src/_build/default/lib/roadrunner/src/roadrunner_conn_loop.erl"},
                      {line,631}]},
                 {proc_lib,init_p_do_apply,3,
                     [{file,"proc_lib.erl"},{line,333}]}]
    class: error
=ERROR REPORT==== 11-Jun-2026::00:27:12.696564 ===
    reason: {case_clause,{error,closed}}
    msg: roadrunner handler crashed
    handler: roadrunner_httparena_handler
    stacktrace: [{roadrunner_httparena_handler,consume_body,2,
                     [{file,"/src/src/roadrunner_httparena_handler.erl"},
                      {line,75}]},
                 {roadrunner_httparena_handler,upload_endpoint,1,
                     [{file,"/src/src/roadrunner_httparena_handler.erl"},
                      {line,65}]},
                 {roadrunner_compress,call,3,
                     [{file,
                          "/src/_build/default/lib/roadrunner/src/roadrunner_compress.erl"},
                      {line,77}]},
                 {roadrunner_conn_loop,run_pipeline,4,
                     [{file,
                          "/src/_build/default/lib/roadrunner/src/roadrunner_conn_loop.erl"},
                      {line,631}]},
                 {proc_lib,init_p_do_apply,3,
                     [{file,"proc_lib.erl"},{line,333}]}]
    class: error
=ERROR REPORT==== 11-Jun-2026::00:27:12.696614 ===
    reason: {case_clause,{error,closed}}
    msg: roadrunner handler crashed
    handler: roadrunner_httparena_handler
    stacktrace: [{roadrunner_httparena_handler,consume_body,2,
                     [{file,"/src/src/roadrunner_httparena_handler.erl"},
                      {line,75}]},
                 {roadrunner_httparena_handler,upload_endpoint,1,
                     [{file,"/src/src/roadrunner_httparena_handler.erl"},
                      {line,65}]},
                 {roadrunner_compress,call,3,
                     [{file,
                          "/src/_build/default/lib/roadrunner/src/roadrunner_compress.erl"},
                      {line,77}]},
                 {roadrunner_conn_loop,run_pipeline,4,
                     [{file,
                          "/src/_build/default/lib/roadrunner/src/roadrunner_conn_loop.erl"},
                      {line,631}]},
                 {proc_lib,init_p_do_apply,3,
                     [{file,"proc_lib.erl"},{line,333}]}]
    class: error
=ERROR REPORT==== 11-Jun-2026::00:27:12.696630 ===
    reason: {case_clause,{error,closed}}
    msg: roadrunner handler crashed
    handler: roadrunner_httparena_handler
    stacktrace: [{roadrunner_httparena_handler,consume_body,2,
                     [{file,"/src/src/roadrunner_httparena_handler.erl"},
                      {line,75}]},
                 {roadrunner_httparena_handler,upload_endpoint,1,
                     [{file,"/src/src/roadrunner_httparena_handler.erl"},
                      {line,65}]},
                 {roadrunner_compress,call,3,
                     [{file,
                          "/src/_build/default/lib/roadrunner/src/roadrunner_compress.erl"},
                      {line,77}]},
                 {roadrunner_conn_loop,run_pipeline,4,
                     [{file,
                          "/src/_build/default/lib/roadrunner/src/roadrunner_conn_loop.erl"},
                      {line,631}]},
                 {proc_lib,init_p_do_apply,3,
                     [{file,"proc_lib.erl"},{line,333}]}]
    class: error
=ERROR REPORT==== 11-Jun-2026::00:27:12.696654 ===
    reason: {case_clause,{error,closed}}
    msg: roadrunner handler crashed
    handler: roadrunner_httparena_handler
    stacktrace: [{roadrunner_httparena_handler,consume_body,2,
                     [{file,"/src/src/roadrunner_httparena_handler.erl"},
                      {line,75}]},
                 {roadrunner_httparena_handler,upload_endpoint,1,
                     [{file,"/src/src/roadrunner_httparena_handler.erl"},
                      {line,65}]},
                 {roadrunner_compress,call,3,
                     [{file,
                          "/src/_build/default/lib/roadrunner/src/roadrunner_compress.erl"},
                      {line,77}]},
                 {roadrunner_conn_loop,run_pipeline,4,
                     [{file,
                          "/src/_build/default/lib/roadrunner/src/roadrunner_conn_loop.erl"},
                      {line,631}]},
                 {proc_lib,init_p_do_apply,3,
                     [{file,"proc_lib.erl"},{line,333}]}]
    class: error
=ERROR REPORT==== 11-Jun-2026::00:27:12.696581 ===
    reason: {case_clause,{error,closed}}
    msg: roadrunner handler crashed
    handler: roadrunner_httparena_handler
    stacktrace: [{roadrunner_httparena_handler,consume_body,2,
                     [{file,"/src/src/roadrunner_httparena_handler.erl"},
                      {line,75}]},
                 {roadrunner_httparena_handler,upload_endpoint,1,
                     [{file,"/src/src/roadrunner_httparena_handler.erl"},
                      {line,65}]},
                 {roadrunner_compress,call,3,
                     [{file,
                          "/src/_build/default/lib/roadrunner/src/roadrunner_compress.erl"},
                      {line,77}]},
                 {roadrunner_conn_loop,run_pipeline,4,
                     [{file,
                          "/src/_build/default/lib/roadrunner/src/roadrunner_conn_loop.erl"},
                      {line,631}]},
                 {proc_lib,init_p_do_apply,3,
                     [{file,"proc_lib.erl"},{line,333}]}]
    class: error
=ERROR REPORT==== 11-Jun-2026::00:27:12.696684 ===
    reason: {case_clause,{error,closed}}
    msg: roadrunner handler crashed
    handler: roadrunner_httparena_handler
    stacktrace: [{roadrunner_httparena_handler,consume_body,2,
                     [{file,"/src/src/roadrunner_httparena_handler.erl"},
                      {line,75}]},
                 {roadrunner_httparena_handler,upload_endpoint,1,
                     [{file,"/src/src/roadrunner_httparena_handler.erl"},
                      {line,65}]},
                 {roadrunner_compress,call,3,
                     [{file,
                          "/src/_build/default/lib/roadrunner/src/roadrunner_compress.erl"},
                      {line,77}]},
                 {roadrunner_conn_loop,run_pipeline,4,
                     [{file,
                          "/src/_build/default/lib/roadrunner/src/roadrunner_conn_loop.erl"},
                      {line,631}]},
                 {proc_lib,init_p_do_apply,3,
                     [{file,"proc_lib.erl"},{line,333}]}]
    class: error
=ERROR REPORT==== 11-Jun-2026::00:27:12.696639 ===
    reason: {case_clause,{error,closed}}
    msg: roadrunner handler crashed
    handler: roadrunner_httparena_handler
    stacktrace: [{roadrunner_httparena_handler,consume_body,2,
                     [{file,"/src/src/roadrunner_httparena_handler.erl"},
                      {line,75}]},
                 {roadrunner_httparena_handler,upload_endpoint,1,
                     [{file,"/src/src/roadrunner_httparena_handler.erl"},
                      {line,65}]},
                 {roadrunner_compress,call,3,
                     [{file,
                          "/src/_build/default/lib/roadrunner/src/roadrunner_compress.erl"},
                      {line,77}]},
                 {roadrunner_conn_loop,run_pipeline,4,
                     [{file,
                          "/src/_build/default/lib/roadrunner/src/roadrunner_conn_loop.erl"},
                      {line,631}]},
                 {proc_lib,init_p_do_apply,3,
                     [{file,"proc_lib.erl"},{line,333}]}]
    class: error
=ERROR REPORT==== 11-Jun-2026::00:27:12.696710 ===
    reason: {case_clause,{error,closed}}
    msg: roadrunner handler crashed
    handler: roadrunner_httparena_handler
    stacktrace: [{roadrunner_httparena_handler,consume_body,2,
                     [{file,"/src/src/roadrunner_httparena_handler.erl"},
                      {line,75}]},
                 {roadrunner_httparena_handler,upload_endpoint,1,
                     [{file,"/src/src/roadrunner_httparena_handler.erl"},
                      {line,65}]},
                 {roadrunner_compress,call,3,
                     [{file,
                          "/src/_build/default/lib/roadrunner/src/roadrunner_compress.erl"},
                      {line,77}]},
                 {roadrunner_conn_loop,run_pipeline,4,
                     [{file,
                          "/src/_build/default/lib/roadrunner/src/roadrunner_conn_loop.erl"},
                      {line,631}]},
                 {proc_lib,init_p_do_apply,3,
                     [{file,"proc_lib.erl"},{line,333}]}]
    class: error
=ERROR REPORT==== 11-Jun-2026::00:27:12.696743 ===
    reason: {case_clause,{error,closed}}
    msg: roadrunner handler crashed
    handler: roadrunner_httparena_handler
    stacktrace: [{roadrunner_httparena_handler,consume_body,2,
                     [{file,"/src/src/roadrunner_httparena_handler.erl"},
                      {line,75}]},
                 {roadrunner_httparena_handler,upload_endpoint,1,
                     [{file,"/src/src/roadrunner_httparena_handler.erl"},
                      {line,65}]},
                 {roadrunner_compress,call,3,
                     [{file,
                          "/src/_build/default/lib/roadrunner/src/roadrunner_compress.erl"},
                      {line,77}]},
                 {roadrunner_conn_loop,run_pipeline,4,
                     [{file,
                          "/src/_build/default/lib/roadrunner/src/roadrunner_conn_loop.erl"},
                      {line,631}]},
                 {proc_lib,init_p_do_apply,3,
                     [{file,"proc_lib.erl"},{line,333}]}]
    class: error
=ERROR REPORT==== 11-Jun-2026::00:27:12.696735 ===
    reason: {case_clause,{error,closed}}
    msg: roadrunner handler crashed
    handler: roadrunner_httparena_handler
    stacktrace: [{roadrunner_httparena_handler,consume_body,2,
                     [{file,"/src/src/roadrunner_httparena_handler.erl"},
                      {line,75}]},
                 {roadrunner_httparena_handler,upload_endpoint,1,
                     [{file,"/src/src/roadrunner_httparena_handler.erl"},
                      {line,65}]},
                 {roadrunner_compress,call,3,
                     [{file,
                          "/src/_build/default/lib/roadrunner/src/roadrunner_compress.erl"},
                      {line,77}]},
                 {roadrunner_conn_loop,run_pipeline,4,
                     [{file,
                          "/src/_build/default/lib/roadrunner/src/roadrunner_conn_loop.erl"},
                      {line,631}]},
                 {proc_lib,init_p_do_apply,3,
                     [{file,"proc_lib.erl"},{line,333}]}]
    class: error
=ERROR REPORT==== 11-Jun-2026::00:27:12.696821 ===
    reason: {case_clause,{error,closed}}
    msg: roadrunner handler crashed
    handler: roadrunner_httparena_handler
    stacktrace: [{roadrunner_httparena_handler,consume_body,2,
                     [{file,"/src/src/roadrunner_httparena_handler.erl"},
                      {line,75}]},
                 {roadrunner_httparena_handler,upload_endpoint,1,
                     [{file,"/src/src/roadrunner_httparena_handler.erl"},
                      {line,65}]},
                 {roadrunner_compress,call,3,
                     [{file,
                          "/src/_build/default/lib/roadrunner/src/roadrunner_compress.erl"},
                      {line,77}]},
                 {roadrunner_conn_loop,run_pipeline,4,
                     [{file,
                          "/src/_build/default/lib/roadrunner/src/roadrunner_conn_loop.erl"},
                      {line,631}]},
                 {proc_lib,init_p_do_apply,3,
                     [{file,"proc_lib.erl"},{line,333}]}]
    class: error
=ERROR REPORT==== 11-Jun-2026::00:27:12.696753 ===
    reason: {case_clause,{error,closed}}
    msg: roadrunner handler crashed
    handler: roadrunner_httparena_handler
    stacktrace: [{roadrunner_httparena_handler,consume_body,2,
                     [{file,"/src/src/roadrunner_httparena_handler.erl"},
                      {line,75}]},
                 {roadrunner_httparena_handler,upload_endpoint,1,
                     [{file,"/src/src/roadrunner_httparena_handler.erl"},
                      {line,65}]},
                 {roadrunner_compress,call,3,
                     [{file,
                          "/src/_build/default/lib/roadrunner/src/roadrunner_compress.erl"},
                      {line,77}]},
                 {roadrunner_conn_loop,run_pipeline,4,
                     [{file,
                          "/src/_build/default/lib/roadrunner/src/roadrunner_conn_loop.erl"},
                      {line,631}]},
                 {proc_lib,init_p_do_apply,3,
                     [{file,"proc_lib.erl"},{line,333}]}]
    class: error
=ERROR REPORT==== 11-Jun-2026::00:27:12.696800 ===
    reason: {case_clause,{error,closed}}
    msg: roadrunner handler crashed
    handler: roadrunner_httparena_handler
    stacktrace: [{roadrunner_httparena_handler,consume_body,2,
                     [{file,"/src/src/roadrunner_httparena_handler.erl"},
                      {line,75}]},
                 {roadrunner_httparena_handler,upload_endpoint,1,
                     [{file,"/src/src/roadrunner_httparena_handler.erl"},
                      {line,65}]},
                 {roadrunner_compress,call,3,
                     [{file,
                          "/src/_build/default/lib/roadrunner/src/roadrunner_compress.erl"},
                      {line,77}]},
                 {roadrunner_conn_loop,run_pipeline,4,
                     [{file,
                          "/src/_build/default/lib/roadrunner/src/roadrunner_conn_loop.erl"},
                      {line,631}]},
                 {proc_lib,init_p_do_apply,3,
                     [{file,"proc_lib.erl"},{line,333}]}]
    class: error
=ERROR REPORT==== 11-Jun-2026::00:27:12.696830 ===
    reason: {case_clause,{error,closed}}
    msg: roadrunner handler crashed
    handler: roadrunner_httparena_handler
    stacktrace: [{roadrunner_httparena_handler,consume_body,2,
                     [{file,"/src/src/roadrunner_httparena_handler.erl"},
                      {line,75}]},
                 {roadrunner_httparena_handler,upload_endpoint,1,
                     [{file,"/src/src/roadrunner_httparena_handler.erl"},
                      {line,65}]},
                 {roadrunner_compress,call,3,
                     [{file,
                          "/src/_build/default/lib/roadrunner/src/roadrunner_compress.erl"},
                      {line,77}]},
                 {roadrunner_conn_loop,run_pipeline,4,
                     [{file,
                          "/src/_build/default/lib/roadrunner/src/roadrunner_conn_loop.erl"},
                      {line,631}]},
                 {proc_lib,init_p_do_apply,3,
                     [{file,"proc_lib.erl"},{line,333}]}]
    class: error
=ERROR REPORT==== 11-Jun-2026::00:27:12.696805 ===
    reason: {case_clause,{error,closed}}
    msg: roadrunner handler crashed
    handler: roadrunner_httparena_handler
    stacktrace: [{roadrunner_httparena_handler,consume_body,2,
                     [{file,"/src/src/roadrunner_httparena_handler.erl"},
                      {line,75}]},
                 {roadrunner_httparena_handler,upload_endpoint,1,
                     [{file,"/src/src/roadrunner_httparena_handler.erl"},
                      {line,65}]},
                 {roadrunner_compress,call,3,
                     [{file,
                          "/src/_build/default/lib/roadrunner/src/roadrunner_compress.erl"},
                      {line,77}]},
                 {roadrunner_conn_loop,run_pipeline,4,
                     [{file,
                          "/src/_build/default/lib/roadrunner/src/roadrunner_conn_loop.erl"},
                      {line,631}]},
                 {proc_lib,init_p_do_apply,3,
                     [{file,"proc_lib.erl"},{line,333}]}]
    class: error
=ERROR REPORT==== 11-Jun-2026::00:27:12.696771 ===
    reason: {case_clause,{error,closed}}
    msg: roadrunner handler crashed
    handler: roadrunner_httparena_handler
    stacktrace: [{roadrunner_httparena_handler,consume_body,2,
                     [{file,"/src/src/roadrunner_httparena_handler.erl"},
                      {line,75}]},
                 {roadrunner_httparena_handler,upload_endpoint,1,
                     [{file,"/src/src/roadrunner_httparena_handler.erl"},
                      {line,65}]},
                 {roadrunner_compress,call,3,
                     [{file,
                          "/src/_build/default/lib/roadrunner/src/roadrunner_compress.erl"},
                      {line,77}]},
                 {roadrunner_conn_loop,run_pipeline,4,
                     [{file,
                          "/src/_build/default/lib/roadrunner/src/roadrunner_conn_loop.erl"},
                      {line,631}]},
                 {proc_lib,init_p_do_apply,3,
                     [{file,"proc_lib.erl"},{line,333}]}]
    class: error
=ERROR REPORT==== 11-Jun-2026::00:27:12.696793 ===
    reason: {case_clause,{error,closed}}
    msg: roadrunner handler crashed
    handler: roadrunner_httparena_handler
    stacktrace: [{roadrunner_httparena_handler,consume_body,2,
                     [{file,"/src/src/roadrunner_httparena_handler.erl"},
                      {line,75}]},
                 {roadrunner_httparena_handler,upload_endpoint,1,
                     [{file,"/src/src/roadrunner_httparena_handler.erl"},
                      {line,65}]},
                 {roadrunner_compress,call,3,
                     [{file,
                          "/src/_build/default/lib/roadrunner/src/roadrunner_compress.erl"},
                      {line,77}]},
                 {roadrunner_conn_loop,run_pipeline,4,
                     [{file,
                          "/src/_build/default/lib/roadrunner/src/roadrunner_conn_loop.erl"},
                      {line,631}]},
                 {proc_lib,init_p_do_apply,3,
                     [{file,"proc_lib.erl"},{line,333}]}]
    class: error
=ERROR REPORT==== 11-Jun-2026::00:27:12.696766 ===
    reason: {case_clause,{error,closed}}
    msg: roadrunner handler crashed
    handler: roadrunner_httparena_handler
    stacktrace: [{roadrunner_httparena_handler,consume_body,2,
                     [{file,"/src/src/roadrunner_httparena_handler.erl"},
                      {line,75}]},
                 {roadrunner_httparena_handler,upload_endpoint,1,
                     [{file,"/src/src/roadrunner_httparena_handler.erl"},
                      {line,65}]},
                 {roadrunner_compress,call,3,
                     [{file,
                          "/src/_build/default/lib/roadrunner/src/roadrunner_compress.erl"},
                      {line,77}]},
                 {roadrunner_conn_loop,run_pipeline,4,
                     [{file,
                          "/src/_build/default/lib/roadrunner/src/roadrunner_conn_loop.erl"},
                      {line,631}]},
                 {proc_lib,init_p_do_apply,3,
                     [{file,"proc_lib.erl"},{line,333}]}]
    class: error
=ERROR REPORT==== 11-Jun-2026::00:27:12.696842 ===
    reason: {case_clause,{error,closed}}
    msg: roadrunner handler crashed
    handler: roadrunner_httparena_handler
    stacktrace: [{roadrunner_httparena_handler,consume_body,2,
                     [{file,"/src/src/roadrunner_httparena_handler.erl"},
                      {line,75}]},
                 {roadrunner_httparena_handler,upload_endpoint,1,
                     [{file,"/src/src/roadrunner_httparena_handler.erl"},
                      {line,65}]},
                 {roadrunner_compress,call,3,
                     [{file,
                          "/src/_build/default/lib/roadrunner/src/roadrunner_compress.erl"},
                      {line,77}]},
                 {roadrunner_conn_loop,run_pipeline,4,
                     [{file,
                          "/src/_build/default/lib/roadrunner/src/roadrunner_conn_loop.erl"},
                      {line,631}]},
                 {proc_lib,init_p_do_apply,3,
                     [{file,"proc_lib.erl"},{line,333}]}]
    class: error
=ERROR REPORT==== 11-Jun-2026::00:27:12.696846 ===
    reason: {case_clause,{error,closed}}
    msg: roadrunner handler crashed
    handler: roadrunner_httparena_handler
    stacktrace: [{roadrunner_httparena_handler,consume_body,2,
                     [{file,"/src/src/roadrunner_httparena_handler.erl"},
                      {line,75}]},
                 {roadrunner_httparena_handler,upload_endpoint,1,
                     [{file,"/src/src/roadrunner_httparena_handler.erl"},
                      {line,65}]},
                 {roadrunner_compress,call,3,
                     [{file,
                          "/src/_build/default/lib/roadrunner/src/roadrunner_compress.erl"},
                      {line,77}]},
                 {roadrunner_conn_loop,run_pipeline,4,
                     [{file,
                          "/src/_build/default/lib/roadrunner/src/roadrunner_conn_loop.erl"},
                      {line,631}]},
                 {proc_lib,init_p_do_apply,3,
                     [{file,"proc_lib.erl"},{line,333}]}]
    class: error
=ERROR REPORT==== 11-Jun-2026::00:27:20.055531 ===
    reason: {case_clause,{error,closed}}
    msg: roadrunner handler crashed
    handler: roadrunner_httparena_handler
    stacktrace: [{roadrunner_httparena_handler,consume_body,2,
                     [{file,"/src/src/roadrunner_httparena_handler.erl"},
                      {line,75}]},
                 {roadrunner_httparena_handler,upload_endpoint,1,
                     [{file,"/src/src/roadrunner_httparena_handler.erl"},
                      {line,65}]},
                 {roadrunner_compress,call,3,
                     [{file,
                          "/src/_build/default/lib/roadrunner/src/roadrunner_compress.erl"},
                      {line,77}]},
                 {roadrunner_conn_loop,run_pipeline,4,
                     [{file,
                          "/src/_build/default/lib/roadrunner/src/roadrunner_conn_loop.erl"},
                      {line,631}]},
                 {proc_lib,init_p_do_apply,3,
                     [{file,"proc_lib.erl"},{line,333}]}]
    class: error
=ERROR REPORT==== 11-Jun-2026::00:27:20.055516 ===
    reason: {case_clause,{error,closed}}
    msg: roadrunner handler crashed
    handler: roadrunner_httparena_handler
    stacktrace: [{roadrunner_httparena_handler,consume_body,2,
                     [{file,"/src/src/roadrunner_httparena_handler.erl"},
                      {line,75}]},
                 {roadrunner_httparena_handler,upload_endpoint,1,
                     [{file,"/src/src/roadrunner_httparena_handler.erl"},
                      {line,65}]},
                 {roadrunner_compress,call,3,
                     [{file,
                          "/src/_build/default/lib/roadrunner/src/roadrunner_compress.erl"},
                      {line,77}]},
                 {roadrunner_conn_loop,run_pipeline,4,
                     [{file,
                          "/src/_build/default/lib/roadrunner/src/roadrunner_conn_loop.erl"},
                      {line,631}]},
                 {proc_lib,init_p_do_apply,3,
                     [{file,"proc_lib.erl"},{line,333}]}]
    class: error
=ERROR REPORT==== 11-Jun-2026::00:27:20.055544 ===
    reason: {case_clause,{error,closed}}
    msg: roadrunner handler crashed
    handler: roadrunner_httparena_handler
    stacktrace: [{roadrunner_httparena_handler,consume_body,2,
                     [{file,"/src/src/roadrunner_httparena_handler.erl"},
                      {line,75}]},
                 {roadrunner_httparena_handler,upload_endpoint,1,
                     [{file,"/src/src/roadrunner_httparena_handler.erl"},
                      {line,65}]},
                 {roadrunner_compress,call,3,
                     [{file,
                          "/src/_build/default/lib/roadrunner/src/roadrunner_compress.erl"},
                      {line,77}]},
                 {roadrunner_conn_loop,run_pipeline,4,
                     [{file,
                          "/src/_build/default/lib/roadrunner/src/roadrunner_conn_loop.erl"},
                      {line,631}]},
                 {proc_lib,init_p_do_apply,3,
                     [{file,"proc_lib.erl"},{line,333}]}]
    class: error
=ERROR REPORT==== 11-Jun-2026::00:27:20.055486 ===
    reason: {case_clause,{error,closed}}
    msg: roadrunner handler crashed
    handler: roadrunner_httparena_handler
    stacktrace: [{roadrunner_httparena_handler,consume_body,2,
                     [{file,"/src/src/roadrunner_httparena_handler.erl"},
                      {line,75}]},
                 {roadrunner_httparena_handler,upload_endpoint,1,
                     [{file,"/src/src/roadrunner_httparena_handler.erl"},
                      {line,65}]},
                 {roadrunner_compress,call,3,
                     [{file,
                          "/src/_build/default/lib/roadrunner/src/roadrunner_compress.erl"},
                      {line,77}]},
                 {roadrunner_conn_loop,run_pipeline,4,
                     [{file,
                          "/src/_build/default/lib/roadrunner/src/roadrunner_conn_loop.erl"},
                      {line,631}]},
                 {proc_lib,init_p_do_apply,3,
                     [{file,"proc_lib.erl"},{line,333}]}]
    class: error
=ERROR REPORT==== 11-Jun-2026::00:27:20.055594 ===
    reason: {case_clause,{error,closed}}
    msg: roadrunner handler crashed
    handler: roadrunner_httparena_handler
    stacktrace: [{roadrunner_httparena_handler,consume_body,2,
                     [{file,"/src/src/roadrunner_httparena_handler.erl"},
                      {line,75}]},
                 {roadrunner_httparena_handler,upload_endpoint,1,
                     [{file,"/src/src/roadrunner_httparena_handler.erl"},
                      {line,65}]},
                 {roadrunner_compress,call,3,
                     [{file,
                          "/src/_build/default/lib/roadrunner/src/roadrunner_compress.erl"},
                      {line,77}]},
                 {roadrunner_conn_loop,run_pipeline,4,
                     [{file,
                          "/src/_build/default/lib/roadrunner/src/roadrunner_conn_loop.erl"},
                      {line,631}]},
                 {proc_lib,init_p_do_apply,3,
                     [{file,"proc_lib.erl"},{line,333}]}]
    class: error
=ERROR REPORT==== 11-Jun-2026::00:27:20.055593 ===
    reason: {case_clause,{error,closed}}
    msg: roadrunner handler crashed
    handler: roadrunner_httparena_handler
    stacktrace: [{roadrunner_httparena_handler,consume_body,2,
                     [{file,"/src/src/roadrunner_httparena_handler.erl"},
                      {line,75}]},
                 {roadrunner_httparena_handler,upload_endpoint,1,
                     [{file,"/src/src/roadrunner_httparena_handler.erl"},
                      {line,65}]},
                 {roadrunner_compress,call,3,
                     [{file,
                          "/src/_build/default/lib/roadrunner/src/roadrunner_compress.erl"},
                      {line,77}]},
                 {roadrunner_conn_loop,run_pipeline,4,
                     [{file,
                          "/src/_build/default/lib/roadrunner/src/roadrunner_conn_loop.erl"},
                      {line,631}]},
                 {proc_lib,init_p_do_apply,3,
                     [{file,"proc_lib.erl"},{line,333}]}]
    class: error
=ERROR REPORT==== 11-Jun-2026::00:27:20.055620 ===
    reason: {case_clause,{error,closed}}
    msg: roadrunner handler crashed
    handler: roadrunner_httparena_handler
    stacktrace: [{roadrunner_httparena_handler,consume_body,2,
                     [{file,"/src/src/roadrunner_httparena_handler.erl"},
                      {line,75}]},
                 {roadrunner_httparena_handler,upload_endpoint,1,
                     [{file,"/src/src/roadrunner_httparena_handler.erl"},
                      {line,65}]},
                 {roadrunner_compress,call,3,
                     [{file,
                          "/src/_build/default/lib/roadrunner/src/roadrunner_compress.erl"},
                      {line,77}]},
                 {roadrunner_conn_loop,run_pipeline,4,
                     [{file,
                          "/src/_build/default/lib/roadrunner/src/roadrunner_conn_loop.erl"},
                      {line,631}]},
                 {proc_lib,init_p_do_apply,3,
                     [{file,"proc_lib.erl"},{line,333}]}]
    class: error
=ERROR REPORT==== 11-Jun-2026::00:27:20.055538 ===
    reason: {case_clause,{error,closed}}
    msg: roadrunner handler crashed
    handler: roadrunner_httparena_handler
    stacktrace: [{roadrunner_httparena_handler,consume_body,2,
                     [{file,"/src/src/roadrunner_httparena_handler.erl"},
                      {line,75}]},
                 {roadrunner_httparena_handler,upload_endpoint,1,
                     [{file,"/src/src/roadrunner_httparena_handler.erl"},
                      {line,65}]},
                 {roadrunner_compress,call,3,
                     [{file,
                          "/src/_build/default/lib/roadrunner/src/roadrunner_compress.erl"},
                      {line,77}]},
                 {roadrunner_conn_loop,run_pipeline,4,
                     [{file,
                          "/src/_build/default/lib/roadrunner/src/roadrunner_conn_loop.erl"},
                      {line,631}]},
                 {proc_lib,init_p_do_apply,3,
                     [{file,"proc_lib.erl"},{line,333}]}]
    class: error
=ERROR REPORT==== 11-Jun-2026::00:27:20.055621 ===
    reason: {case_clause,{error,closed}}
    msg: roadrunner handler crashed
    handler: roadrunner_httparena_handler
    stacktrace: [{roadrunner_httparena_handler,consume_body,2,
                     [{file,"/src/src/roadrunner_httparena_handler.erl"},
                      {line,75}]},
                 {roadrunner_httparena_handler,upload_endpoint,1,
                     [{file,"/src/src/roadrunner_httparena_handler.erl"},
                      {line,65}]},
                 {roadrunner_compress,call,3,
                     [{file,
                          "/src/_build/default/lib/roadrunner/src/roadrunner_compress.erl"},
                      {line,77}]},
                 {roadrunner_conn_loop,run_pipeline,4,
                     [{file,
                          "/src/_build/default/lib/roadrunner/src/roadrunner_conn_loop.erl"},
                      {line,631}]},
                 {proc_lib,init_p_do_apply,3,
                     [{file,"proc_lib.erl"},{line,333}]}]
    class: error
=ERROR REPORT==== 11-Jun-2026::00:27:20.055558 ===
    reason: {case_clause,{error,closed}}
    msg: roadrunner handler crashed
    handler: roadrunner_httparena_handler
    stacktrace: [{roadrunner_httparena_handler,consume_body,2,
                     [{file,"/src/src/roadrunner_httparena_handler.erl"},
                      {line,75}]},
                 {roadrunner_httparena_handler,upload_endpoint,1,
                     [{file,"/src/src/roadrunner_httparena_handler.erl"},
                      {line,65}]},
                 {roadrunner_compress,call,3,
                     [{file,
                          "/src/_build/default/lib/roadrunner/src/roadrunner_compress.erl"},
                      {line,77}]},
                 {roadrunner_conn_loop,run_pipeline,4,
                     [{file,
                          "/src/_build/default/lib/roadrunner/src/roadrunner_conn_loop.erl"},
                      {line,631}]},
                 {proc_lib,init_p_do_apply,3,
                     [{file,"proc_lib.erl"},{line,333}]}]
    class: error
=ERROR REPORT==== 11-Jun-2026::00:27:20.055859 ===
    reason: {case_clause,{error,closed}}
    msg: roadrunner handler crashed
    handler: roadrunner_httparena_handler
    stacktrace: [{roadrunner_httparena_handler,consume_body,2,
                     [{file,"/src/src/roadrunner_httparena_handler.erl"},
                      {line,75}]},
                 {roadrunner_httparena_handler,upload_endpoint,1,
                     [{file,"/src/src/roadrunner_httparena_handler.erl"},
                      {line,65}]},
                 {roadrunner_compress,call,3,
                     [{file,
                          "/src/_build/default/lib/roadrunner/src/roadrunner_compress.erl"},
                      {line,77}]},
                 {roadrunner_conn_loop,run_pipeline,4,
                     [{file,
                          "/src/_build/default/lib/roadrunner/src/roadrunner_conn_loop.erl"},
                      {line,631}]},
                 {proc_lib,init_p_do_apply,3,
                     [{file,"proc_lib.erl"},{line,333}]}]
    class: error
=ERROR REPORT==== 11-Jun-2026::00:27:20.055855 ===
    reason: {case_clause,{error,closed}}
    msg: roadrunner handler crashed
    handler: roadrunner_httparena_handler
    stacktrace: [{roadrunner_httparena_handler,consume_body,2,
                     [{file,"/src/src/roadrunner_httparena_handler.erl"},
                      {line,75}]},
                 {roadrunner_httparena_handler,upload_endpoint,1,
                     [{file,"/src/src/roadrunner_httparena_handler.erl"},
                      {line,65}]},
                 {roadrunner_compress,call,3,
                     [{file,
                          "/src/_build/default/lib/roadrunner/src/roadrunner_compress.erl"},
                      {line,77}]},
                 {roadrunner_conn_loop,run_pipeline,4,
                     [{file,
                          "/src/_build/default/lib/roadrunner/src/roadrunner_conn_loop.erl"},
                      {line,631}]},
                 {proc_lib,init_p_do_apply,3,
                     [{file,"proc_lib.erl"},{line,333}]}]
    class: error
=ERROR REPORT==== 11-Jun-2026::00:27:20.055857 ===
    reason: {case_clause,{error,closed}}
    msg: roadrunner handler crashed
    handler: roadrunner_httparena_handler
    stacktrace: [{roadrunner_httparena_handler,consume_body,2,
                     [{file,"/src/src/roadrunner_httparena_handler.erl"},
                      {line,75}]},
                 {roadrunner_httparena_handler,upload_endpoint,1,
                     [{file,"/src/src/roadrunner_httparena_handler.erl"},
                      {line,65}]},
                 {roadrunner_compress,call,3,
                     [{file,
                          "/src/_build/default/lib/roadrunner/src/roadrunner_compress.erl"},
                      {line,77}]},
                 {roadrunner_conn_loop,run_pipeline,4,
                     [{file,
                          "/src/_build/default/lib/roadrunner/src/roadrunner_conn_loop.erl"},
                      {line,631}]},
                 {proc_lib,init_p_do_apply,3,
                     [{file,"proc_lib.erl"},{line,333}]}]
    class: error
=ERROR REPORT==== 11-Jun-2026::00:27:20.055864 ===
    reason: {case_clause,{error,closed}}
    msg: roadrunner handler crashed
    handler: roadrunner_httparena_handler
    stacktrace: [{roadrunner_httparena_handler,consume_body,2,
                     [{file,"/src/src/roadrunner_httparena_handler.erl"},
                      {line,75}]},
                 {roadrunner_httparena_handler,upload_endpoint,1,
                     [{file,"/src/src/roadrunner_httparena_handler.erl"},
                      {line,65}]},
                 {roadrunner_compress,call,3,
                     [{file,
                          "/src/_build/default/lib/roadrunner/src/roadrunner_compress.erl"},
                      {line,77}]},
                 {roadrunner_conn_loop,run_pipeline,4,
                     [{file,
                          "/src/_build/default/lib/roadrunner/src/roadrunner_conn_loop.erl"},
                      {line,631}]},
                 {proc_lib,init_p_do_apply,3,
                     [{file,"proc_lib.erl"},{line,333}]}]
    class: error
=ERROR REPORT==== 11-Jun-2026::00:27:20.058489 ===
    reason: {case_clause,{error,closed}}
    msg: roadrunner handler crashed
    handler: roadrunner_httparena_handler
    stacktrace: [{roadrunner_httparena_handler,consume_body,2,
                     [{file,"/src/src/roadrunner_httparena_handler.erl"},
                      {line,75}]},
                 {roadrunner_httparena_handler,upload_endpoint,1,
                     [{file,"/src/src/roadrunner_httparena_handler.erl"},
                      {line,65}]},
                 {roadrunner_compress,call,3,
                     [{file,
                          "/src/_build/default/lib/roadrunner/src/roadrunner_compress.erl"},
                      {line,77}]},
                 {roadrunner_conn_loop,run_pipeline,4,
                     [{file,
                          "/src/_build/default/lib/roadrunner/src/roadrunner_conn_loop.erl"},
                      {line,631}]},
                 {proc_lib,init_p_do_apply,3,
                     [{file,"proc_lib.erl"},{line,333}]}]
    class: error
=ERROR REPORT==== 11-Jun-2026::00:27:20.058539 ===
    reason: {case_clause,{error,closed}}
    msg: roadrunner handler crashed
    handler: roadrunner_httparena_handler
    stacktrace: [{roadrunner_httparena_handler,consume_body,2,
                     [{file,"/src/src/roadrunner_httparena_handler.erl"},
                      {line,75}]},
                 {roadrunner_httparena_handler,upload_endpoint,1,
                     [{file,"/src/src/roadrunner_httparena_handler.erl"},
                      {line,65}]},
                 {roadrunner_compress,call,3,
                     [{file,
                          "/src/_build/default/lib/roadrunner/src/roadrunner_compress.erl"},
                      {line,77}]},
                 {roadrunner_conn_loop,run_pipeline,4,
                     [{file,
                          "/src/_build/default/lib/roadrunner/src/roadrunner_conn_loop.erl"},
                      {line,631}]},
                 {proc_lib,init_p_do_apply,3,
                     [{file,"proc_lib.erl"},{line,333}]}]
    class: error
=ERROR REPORT==== 11-Jun-2026::00:27:20.058514 ===
    reason: {case_clause,{error,closed}}
    msg: roadrunner handler crashed
    handler: roadrunner_httparena_handler
    stacktrace: [{roadrunner_httparena_handler,consume_body,2,
                     [{file,"/src/src/roadrunner_httparena_handler.erl"},
                      {line,75}]},
                 {roadrunner_httparena_handler,upload_endpoint,1,
                     [{file,"/src/src/roadrunner_httparena_handler.erl"},
                      {line,65}]},
                 {roadrunner_compress,call,3,
                     [{file,
                          "/src/_build/default/lib/roadrunner/src/roadrunner_compress.erl"},
                      {line,77}]},
                 {roadrunner_conn_loop,run_pipeline,4,
                     [{file,
                          "/src/_build/default/lib/roadrunner/src/roadrunner_conn_loop.erl"},
                      {line,631}]},
                 {proc_lib,init_p_do_apply,3,
                     [{file,"proc_lib.erl"},{line,333}]}]
    class: error
=ERROR REPORT==== 11-Jun-2026::00:27:20.058526 ===
    reason: {case_clause,{error,closed}}
    msg: roadrunner handler crashed
    handler: roadrunner_httparena_handler
    stacktrace: [{roadrunner_httparena_handler,consume_body,2,
                     [{file,"/src/src/roadrunner_httparena_handler.erl"},
                      {line,75}]},
                 {roadrunner_httparena_handler,upload_endpoint,1,
                     [{file,"/src/src/roadrunner_httparena_handler.erl"},
                      {line,65}]},
                 {roadrunner_compress,call,3,
                     [{file,
                          "/src/_build/default/lib/roadrunner/src/roadrunner_compress.erl"},
                      {line,77}]},
                 {roadrunner_conn_loop,run_pipeline,4,
                     [{file,
                          "/src/_build/default/lib/roadrunner/src/roadrunner_conn_loop.erl"},
                      {line,631}]},
                 {proc_lib,init_p_do_apply,3,
                     [{file,"proc_lib.erl"},{line,333}]}]
    class: error
=ERROR REPORT==== 11-Jun-2026::00:27:20.058598 ===
    reason: {case_clause,{error,closed}}
    msg: roadrunner handler crashed
    handler: roadrunner_httparena_handler
    stacktrace: [{roadrunner_httparena_handler,consume_body,2,
                     [{file,"/src/src/roadrunner_httparena_handler.erl"},
                      {line,75}]},
                 {roadrunner_httparena_handler,upload_endpoint,1,
                     [{file,"/src/src/roadrunner_httparena_handler.erl"},
                      {line,65}]},
                 {roadrunner_compress,call,3,
                     [{file,
                          "/src/_build/default/lib/roadrunner/src/roadrunner_compress.erl"},
                      {line,77}]},
                 {roadrunner_conn_loop,run_pipeline,4,
                     [{file,
                          "/src/_build/default/lib/roadrunner/src/roadrunner_conn_loop.erl"},
                      {line,631}]},
                 {proc_lib,init_p_do_apply,3,
                     [{file,"proc_lib.erl"},{line,333}]}]
    class: error
=ERROR REPORT==== 11-Jun-2026::00:27:20.058613 ===
    reason: {case_clause,{error,closed}}
    msg: roadrunner handler crashed
    handler: roadrunner_httparena_handler
    stacktrace: [{roadrunner_httparena_handler,consume_body,2,
                     [{file,"/src/src/roadrunner_httparena_handler.erl"},
                      {line,75}]},
                 {roadrunner_httparena_handler,upload_endpoint,1,
                     [{file,"/src/src/roadrunner_httparena_handler.erl"},
                      {line,65}]},
                 {roadrunner_compress,call,3,
                     [{file,
                          "/src/_build/default/lib/roadrunner/src/roadrunner_compress.erl"},
                      {line,77}]},
                 {roadrunner_conn_loop,run_pipeline,4,
                     [{file,
                          "/src/_build/default/lib/roadrunner/src/roadrunner_conn_loop.erl"},
                      {line,631}]},
                 {proc_lib,init_p_do_apply,3,
                     [{file,"proc_lib.erl"},{line,333}]}]
    class: error
=ERROR REPORT==== 11-Jun-2026::00:27:20.058576 ===
    reason: {case_clause,{error,closed}}
    msg: roadrunner handler crashed
    handler: roadrunner_httparena_handler
    stacktrace: [{roadrunner_httparena_handler,consume_body,2,
                     [{file,"/src/src/roadrunner_httparena_handler.erl"},
                      {line,75}]},
                 {roadrunner_httparena_handler,upload_endpoint,1,
                     [{file,"/src/src/roadrunner_httparena_handler.erl"},
                      {line,65}]},
                 {roadrunner_compress,call,3,
                     [{file,
                          "/src/_build/default/lib/roadrunner/src/roadrunner_compress.erl"},
                      {line,77}]},
                 {roadrunner_conn_loop,run_pipeline,4,
                     [{file,
                          "/src/_build/default/lib/roadrunner/src/roadrunner_conn_loop.erl"},
                      {line,631}]},
                 {proc_lib,init_p_do_apply,3,
                     [{file,"proc_lib.erl"},{line,333}]}]
    class: error
=ERROR REPORT==== 11-Jun-2026::00:27:20.058580 ===
    reason: {case_clause,{error,closed}}
    msg: roadrunner handler crashed
    handler: roadrunner_httparena_handler
    stacktrace: [{roadrunner_httparena_handler,consume_body,2,
                     [{file,"/src/src/roadrunner_httparena_handler.erl"},
                      {line,75}]},
                 {roadrunner_httparena_handler,upload_endpoint,1,
                     [{file,"/src/src/roadrunner_httparena_handler.erl"},
                      {line,65}]},
                 {roadrunner_compress,call,3,
                     [{file,
                          "/src/_build/default/lib/roadrunner/src/roadrunner_compress.erl"},
                      {line,77}]},
                 {roadrunner_conn_loop,run_pipeline,4,
                     [{file,
                          "/src/_build/default/lib/roadrunner/src/roadrunner_conn_loop.erl"},
                      {line,631}]},
                 {proc_lib,init_p_do_apply,3,
                     [{file,"proc_lib.erl"},{line,333}]}]
    class: error
=ERROR REPORT==== 11-Jun-2026::00:27:20.058576 ===
    reason: {case_clause,{error,closed}}
    msg: roadrunner handler crashed
    handler: roadrunner_httparena_handler
    stacktrace: [{roadrunner_httparena_handler,consume_body,2,
                     [{file,"/src/src/roadrunner_httparena_handler.erl"},
                      {line,75}]},
                 {roadrunner_httparena_handler,upload_endpoint,1,
                     [{file,"/src/src/roadrunner_httparena_handler.erl"},
                      {line,65}]},
                 {roadrunner_compress,call,3,
                     [{file,
                          "/src/_build/default/lib/roadrunner/src/roadrunner_compress.erl"},
                      {line,77}]},
                 {roadrunner_conn_loop,run_pipeline,4,
                     [{file,
                          "/src/_build/default/lib/roadrunner/src/roadrunner_conn_loop.erl"},
                      {line,631}]},
                 {proc_lib,init_p_do_apply,3,
                     [{file,"proc_lib.erl"},{line,333}]}]
    class: error
=ERROR REPORT==== 11-Jun-2026::00:27:20.058546 ===
    reason: {case_clause,{error,closed}}
    msg: roadrunner handler crashed
    handler: roadrunner_httparena_handler
    stacktrace: [{roadrunner_httparena_handler,consume_body,2,
                     [{file,"/src/src/roadrunner_httparena_handler.erl"},
                      {line,75}]},
                 {roadrunner_httparena_handler,upload_endpoint,1,
                     [{file,"/src/src/roadrunner_httparena_handler.erl"},
                      {line,65}]},
                 {roadrunner_compress,call,3,
                     [{file,
                          "/src/_build/default/lib/roadrunner/src/roadrunner_compress.erl"},
                      {line,77}]},
                 {roadrunner_conn_loop,run_pipeline,4,
                     [{file,
                          "/src/_build/default/lib/roadrunner/src/roadrunner_conn_loop.erl"},
                      {line,631}]},
                 {proc_lib,init_p_do_apply,3,
                     [{file,"proc_lib.erl"},{line,333}]}]
    class: error
=ERROR REPORT==== 11-Jun-2026::00:27:20.058630 ===
    reason: {case_clause,{error,closed}}
    msg: roadrunner handler crashed
    handler: roadrunner_httparena_handler
    stacktrace: [{roadrunner_httparena_handler,consume_body,2,
                     [{file,"/src/src/roadrunner_httparena_handler.erl"},
                      {line,75}]},
                 {roadrunner_httparena_handler,upload_endpoint,1,
                     [{file,"/src/src/roadrunner_httparena_handler.erl"},
                      {line,65}]},
                 {roadrunner_compress,call,3,
                     [{file,
                          "/src/_build/default/lib/roadrunner/src/roadrunner_compress.erl"},
                      {line,77}]},
                 {roadrunner_conn_loop,run_pipeline,4,
                     [{file,
                          "/src/_build/default/lib/roadrunner/src/roadrunner_conn_loop.erl"},
                      {line,631}]},
                 {proc_lib,init_p_do_apply,3,
                     [{file,"proc_lib.erl"},{line,333}]}]
    class: error
=ERROR REPORT==== 11-Jun-2026::00:27:20.058634 ===
    reason: {case_clause,{error,closed}}
    msg: roadrunner handler crashed
    handler: roadrunner_httparena_handler
    stacktrace: [{roadrunner_httparena_handler,consume_body,2,
                     [{file,"/src/src/roadrunner_httparena_handler.erl"},
                      {line,75}]},
                 {roadrunner_httparena_handler,upload_endpoint,1,
                     [{file,"/src/src/roadrunner_httparena_handler.erl"},
                      {line,65}]},
                 {roadrunner_compress,call,3,
                     [{file,
                          "/src/_build/default/lib/roadrunner/src/roadrunner_compress.erl"},
                      {line,77}]},
                 {roadrunner_conn_loop,run_pipeline,4,
                     [{file,
                          "/src/_build/default/lib/roadrunner/src/roadrunner_conn_loop.erl"},
                      {line,631}]},
                 {proc_lib,init_p_do_apply,3,
                     [{file,"proc_lib.erl"},{line,333}]}]
    class: error
=ERROR REPORT==== 11-Jun-2026::00:27:27.409753 ===
    reason: {case_clause,{error,closed}}
    msg: roadrunner handler crashed
    handler: roadrunner_httparena_handler
    stacktrace: [{roadrunner_httparena_handler,consume_body,2,
                     [{file,"/src/src/roadrunner_httparena_handler.erl"},
                      {line,75}]},
                 {roadrunner_httparena_handler,upload_endpoint,1,
                     [{file,"/src/src/roadrunner_httparena_handler.erl"},
                      {line,65}]},
                 {roadrunner_compress,call,3,
                     [{file,
                          "/src/_build/default/lib/roadrunner/src/roadrunner_compress.erl"},
                      {line,77}]},
                 {roadrunner_conn_loop,run_pipeline,4,
                     [{file,
                          "/src/_build/default/lib/roadrunner/src/roadrunner_conn_loop.erl"},
                      {line,631}]},
                 {proc_lib,init_p_do_apply,3,
                     [{file,"proc_lib.erl"},{line,333}]}]
    class: error
=ERROR REPORT==== 11-Jun-2026::00:27:27.409784 ===
    reason: {case_clause,{error,closed}}
    msg: roadrunner handler crashed
    handler: roadrunner_httparena_handler
    stacktrace: [{roadrunner_httparena_handler,consume_body,2,
                     [{file,"/src/src/roadrunner_httparena_handler.erl"},
                      {line,75}]},
                 {roadrunner_httparena_handler,upload_endpoint,1,
                     [{file,"/src/src/roadrunner_httparena_handler.erl"},
                      {line,65}]},
                 {roadrunner_compress,call,3,
                     [{file,
                          "/src/_build/default/lib/roadrunner/src/roadrunner_compress.erl"},
                      {line,77}]},
                 {roadrunner_conn_loop,run_pipeline,4,
                     [{file,
                          "/src/_build/default/lib/roadrunner/src/roadrunner_conn_loop.erl"},
                      {line,631}]},
                 {proc_lib,init_p_do_apply,3,
                     [{file,"proc_lib.erl"},{line,333}]}]
    class: error
=ERROR REPORT==== 11-Jun-2026::00:27:27.409753 ===
    reason: {case_clause,{error,closed}}
    msg: roadrunner handler crashed
    handler: roadrunner_httparena_handler
    stacktrace: [{roadrunner_httparena_handler,consume_body,2,
                     [{file,"/src/src/roadrunner_httparena_handler.erl"},
                      {line,75}]},
                 {roadrunner_httparena_handler,upload_endpoint,1,
                     [{file,"/src/src/roadrunner_httparena_handler.erl"},
                      {line,65}]},
                 {roadrunner_compress,call,3,
                     [{file,
                          "/src/_build/default/lib/roadrunner/src/roadrunner_compress.erl"},
                      {line,77}]},
                 {roadrunner_conn_loop,run_pipeline,4,
                     [{file,
                          "/src/_build/default/lib/roadrunner/src/roadrunner_conn_loop.erl"},
                      {line,631}]},
                 {proc_lib,init_p_do_apply,3,
                     [{file,"proc_lib.erl"},{line,333}]}]
    class: error
=ERROR REPORT==== 11-Jun-2026::00:27:27.409739 ===
    reason: {case_clause,{error,closed}}
    msg: roadrunner handler crashed
    handler: roadrunner_httparena_handler
    stacktrace: [{roadrunner_httparena_handler,consume_body,2,
                     [{file,"/src/src/roadrunner_httparena_handler.erl"},
                      {line,75}]},
                 {roadrunner_httparena_handler,upload_endpoint,1,
                     [{file,"/src/src/roadrunner_httparena_handler.erl"},
                      {line,65}]},
                 {roadrunner_compress,call,3,
                     [{file,
                          "/src/_build/default/lib/roadrunner/src/roadrunner_compress.erl"},
                      {line,77}]},
                 {roadrunner_conn_loop,run_pipeline,4,
                     [{file,
                          "/src/_build/default/lib/roadrunner/src/roadrunner_conn_loop.erl"},
                      {line,631}]},
                 {proc_lib,init_p_do_apply,3,
                     [{file,"proc_lib.erl"},{line,333}]}]
    class: error
=ERROR REPORT==== 11-Jun-2026::00:27:27.409865 ===
    reason: {case_clause,{error,closed}}
    msg: roadrunner handler crashed
    handler: roadrunner_httparena_handler
    stacktrace: [{roadrunner_httparena_handler,consume_body,2,
                     [{file,"/src/src/roadrunner_httparena_handler.erl"},
                      {line,75}]},
                 {roadrunner_httparena_handler,upload_endpoint,1,
                     [{file,"/src/src/roadrunner_httparena_handler.erl"},
                      {line,65}]},
                 {roadrunner_compress,call,3,
                     [{file,
                          "/src/_build/default/lib/roadrunner/src/roadrunner_compress.erl"},
                      {line,77}]},
                 {roadrunner_conn_loop,run_pipeline,4,
                     [{file,
                          "/src/_build/default/lib/roadrunner/src/roadrunner_conn_loop.erl"},
                      {line,631}]},
                 {proc_lib,init_p_do_apply,3,
                     [{file,"proc_lib.erl"},{line,333}]}]
    class: error
=ERROR REPORT==== 11-Jun-2026::00:27:27.409805 ===
    reason: {case_clause,{error,closed}}
    msg: roadrunner handler crashed
    handler: roadrunner_httparena_handler
    stacktrace: [{roadrunner_httparena_handler,consume_body,2,
                     [{file,"/src/src/roadrunner_httparena_handler.erl"},
                      {line,75}]},
                 {roadrunner_httparena_handler,upload_endpoint,1,
                     [{file,"/src/src/roadrunner_httparena_handler.erl"},
                      {line,65}]},
                 {roadrunner_compress,call,3,
                     [{file,
                          "/src/_build/default/lib/roadrunner/src/roadrunner_compress.erl"},
                      {line,77}]},
                 {roadrunner_conn_loop,run_pipeline,4,
                     [{file,
                          "/src/_build/default/lib/roadrunner/src/roadrunner_conn_loop.erl"},
                      {line,631}]},
                 {proc_lib,init_p_do_apply,3,
                     [{file,"proc_lib.erl"},{line,333}]}]
    class: error
=ERROR REPORT==== 11-Jun-2026::00:27:27.409868 ===
    reason: {case_clause,{error,closed}}
    msg: roadrunner handler crashed
    handler: roadrunner_httparena_handler
    stacktrace: [{roadrunner_httparena_handler,consume_body,2,
                     [{file,"/src/src/roadrunner_httparena_handler.erl"},
                      {line,75}]},
                 {roadrunner_httparena_handler,upload_endpoint,1,
                     [{file,"/src/src/roadrunner_httparena_handler.erl"},
                      {line,65}]},
                 {roadrunner_compress,call,3,
                     [{file,
                          "/src/_build/default/lib/roadrunner/src/roadrunner_compress.erl"},
                      {line,77}]},
                 {roadrunner_conn_loop,run_pipeline,4,
                     [{file,
                          "/src/_build/default/lib/roadrunner/src/roadrunner_conn_loop.erl"},
                      {line,631}]},
                 {proc_lib,init_p_do_apply,3,
                     [{file,"proc_lib.erl"},{line,333}]}]
    class: error
=ERROR REPORT==== 11-Jun-2026::00:27:27.409831 ===
    reason: {case_clause,{error,closed}}
    msg: roadrunner handler crashed
    handler: roadrunner_httparena_handler
    stacktrace: [{roadrunner_httparena_handler,consume_body,2,
                     [{file,"/src/src/roadrunner_httparena_handler.erl"},
                      {line,75}]},
                 {roadrunner_httparena_handler,upload_endpoint,1,
                     [{file,"/src/src/roadrunner_httparena_handler.erl"},
                      {line,65}]},
                 {roadrunner_compress,call,3,
                     [{file,
                          "/src/_build/default/lib/roadrunner/src/roadrunner_compress.erl"},
                      {line,77}]},
                 {roadrunner_conn_loop,run_pipeline,4,
                     [{file,
                          "/src/_build/default/lib/roadrunner/src/roadrunner_conn_loop.erl"},
                      {line,631}]},
                 {proc_lib,init_p_do_apply,3,
                     [{file,"proc_lib.erl"},{line,333}]}]
    class: error
=ERROR REPORT==== 11-Jun-2026::00:27:27.409783 ===
    reason: {case_clause,{error,closed}}
    msg: roadrunner handler crashed
    handler: roadrunner_httparena_handler
    stacktrace: [{roadrunner_httparena_handler,consume_body,2,
                     [{file,"/src/src/roadrunner_httparena_handler.erl"},
                      {line,75}]},
                 {roadrunner_httparena_handler,upload_endpoint,1,
                     [{file,"/src/src/roadrunner_httparena_handler.erl"},
                      {line,65}]},
                 {roadrunner_compress,call,3,
                     [{file,
                          "/src/_build/default/lib/roadrunner/src/roadrunner_compress.erl"},
                      {line,77}]},
                 {roadrunner_conn_loop,run_pipeline,4,
                     [{file,
                          "/src/_build/default/lib/roadrunner/src/roadrunner_conn_loop.erl"},
                      {line,631}]},
                 {proc_lib,init_p_do_apply,3,
                     [{file,"proc_lib.erl"},{line,333}]}]
    class: error
=ERROR REPORT==== 11-Jun-2026::00:27:27.409853 ===
    reason: {case_clause,{error,closed}}
    msg: roadrunner handler crashed
    handler: roadrunner_httparena_handler
    stacktrace: [{roadrunner_httparena_handler,consume_body,2,
                     [{file,"/src/src/roadrunner_httparena_handler.erl"},
                      {line,75}]},
                 {roadrunner_httparena_handler,upload_endpoint,1,
                     [{file,"/src/src/roadrunner_httparena_handler.erl"},
                      {line,65}]},
                 {roadrunner_compress,call,3,
                     [{file,
                          "/src/_build/default/lib/roadrunner/src/roadrunner_compress.erl"},
                      {line,77}]},
                 {roadrunner_conn_loop,run_pipeline,4,
                     [{file,
                          "/src/_build/default/lib/roadrunner/src/roadrunner_conn_loop.erl"},
                      {line,631}]},
                 {proc_lib,init_p_do_apply,3,
                     [{file,"proc_lib.erl"},{line,333}]}]
    class: error
=ERROR REPORT==== 11-Jun-2026::00:27:27.409836 ===
    reason: {case_clause,{error,closed}}
    msg: roadrunner handler crashed
    handler: roadrunner_httparena_handler
    stacktrace: [{roadrunner_httparena_handler,consume_body,2,
                     [{file,"/src/src/roadrunner_httparena_handler.erl"},
                      {line,75}]},
                 {roadrunner_httparena_handler,upload_endpoint,1,
                     [{file,"/src/src/roadrunner_httparena_handler.erl"},
                      {line,65}]},
                 {roadrunner_compress,call,3,
                     [{file,
                          "/src/_build/default/lib/roadrunner/src/roadrunner_compress.erl"},
                      {line,77}]},
                 {roadrunner_conn_loop,run_pipeline,4,
                     [{file,
                          "/src/_build/default/lib/roadrunner/src/roadrunner_conn_loop.erl"},
                      {line,631}]},
                 {proc_lib,init_p_do_apply,3,
                     [{file,"proc_lib.erl"},{line,333}]}]
    class: error
=ERROR REPORT==== 11-Jun-2026::00:27:27.409899 ===
    reason: {case_clause,{error,closed}}
    msg: roadrunner handler crashed
    handler: roadrunner_httparena_handler
    stacktrace: [{roadrunner_httparena_handler,consume_body,2,
                     [{file,"/src/src/roadrunner_httparena_handler.erl"},
                      {line,75}]},
                 {roadrunner_httparena_handler,upload_endpoint,1,
                     [{file,"/src/src/roadrunner_httparena_handler.erl"},
                      {line,65}]},
                 {roadrunner_compress,call,3,
                     [{file,
                          "/src/_build/default/lib/roadrunner/src/roadrunner_compress.erl"},
                      {line,77}]},
                 {roadrunner_conn_loop,run_pipeline,4,
                     [{file,
                          "/src/_build/default/lib/roadrunner/src/roadrunner_conn_loop.erl"},
                      {line,631}]},
                 {proc_lib,init_p_do_apply,3,
                     [{file,"proc_lib.erl"},{line,333}]}]
    class: error
=ERROR REPORT==== 11-Jun-2026::00:27:27.409776 ===
    reason: {case_clause,{error,closed}}
    msg: roadrunner handler crashed
    handler: roadrunner_httparena_handler
    stacktrace: [{roadrunner_httparena_handler,consume_body,2,
                     [{file,"/src/src/roadrunner_httparena_handler.erl"},
                      {line,75}]},
                 {roadrunner_httparena_handler,upload_endpoint,1,
                     [{file,"/src/src/roadrunner_httparena_handler.erl"},
                      {line,65}]},
                 {roadrunner_compress,call,3,
                     [{file,
                          "/src/_build/default/lib/roadrunner/src/roadrunner_compress.erl"},
                      {line,77}]},
                 {roadrunner_conn_loop,run_pipeline,4,
                     [{file,
                          "/src/_build/default/lib/roadrunner/src/roadrunner_conn_loop.erl"},
                      {line,631}]},
                 {proc_lib,init_p_do_apply,3,
                     [{file,"proc_lib.erl"},{line,333}]}]
    class: error
=ERROR REPORT==== 11-Jun-2026::00:27:27.409897 ===
    reason: {case_clause,{error,closed}}
    msg: roadrunner handler crashed
    handler: roadrunner_httparena_handler
    stacktrace: [{roadrunner_httparena_handler,consume_body,2,
                     [{file,"/src/src/roadrunner_httparena_handler.erl"},
                      {line,75}]},
                 {roadrunner_httparena_handler,upload_endpoint,1,
                     [{file,"/src/src/roadrunner_httparena_handler.erl"},
                      {line,65}]},
                 {roadrunner_compress,call,3,
                     [{file,
                          "/src/_build/default/lib/roadrunner/src/roadrunner_compress.erl"},
                      {line,77}]},
                 {roadrunner_conn_loop,run_pipeline,4,
                     [{file,
                          "/src/_build/default/lib/roadrunner/src/roadrunner_conn_loop.erl"},
                      {line,631}]},
                 {proc_lib,init_p_do_apply,3,
                     [{file,"proc_lib.erl"},{line,333}]}]
    class: error
=ERROR REPORT==== 11-Jun-2026::00:27:27.409949 ===
    reason: {case_clause,{error,closed}}
    msg: roadrunner handler crashed
    handler: roadrunner_httparena_handler
    stacktrace: [{roadrunner_httparena_handler,consume_body,2,
                     [{file,"/src/src/roadrunner_httparena_handler.erl"},
                      {line,75}]},
                 {roadrunner_httparena_handler,upload_endpoint,1,
                     [{file,"/src/src/roadrunner_httparena_handler.erl"},
                      {line,65}]},
                 {roadrunner_compress,call,3,
                     [{file,
                          "/src/_build/default/lib/roadrunner/src/roadrunner_compress.erl"},
                      {line,77}]},
                 {roadrunner_conn_loop,run_pipeline,4,
                     [{file,
                          "/src/_build/default/lib/roadrunner/src/roadrunner_conn_loop.erl"},
                      {line,631}]},
                 {proc_lib,init_p_do_apply,3,
                     [{file,"proc_lib.erl"},{line,333}]}]
    class: error
=ERROR REPORT==== 11-Jun-2026::00:27:27.409975 ===
    reason: {case_clause,{error,closed}}
    msg: roadrunner handler crashed
    handler: roadrunner_httparena_handler
    stacktrace: [{roadrunner_httparena_handler,consume_body,2,
                     [{file,"/src/src/roadrunner_httparena_handler.erl"},
                      {line,75}]},
                 {roadrunner_httparena_handler,upload_endpoint,1,
                     [{file,"/src/src/roadrunner_httparena_handler.erl"},
                      {line,65}]},
                 {roadrunner_compress,call,3,
                     [{file,
                          "/src/_build/default/lib/roadrunner/src/roadrunner_compress.erl"},
                      {line,77}]},
                 {roadrunner_conn_loop,run_pipeline,4,
                     [{file,
                          "/src/_build/default/lib/roadrunner/src/roadrunner_conn_loop.erl"},
                      {line,631}]},
                 {proc_lib,init_p_do_apply,3,
                     [{file,"proc_lib.erl"},{line,333}]}]
    class: error
=ERROR REPORT==== 11-Jun-2026::00:27:27.409920 ===
    reason: {case_clause,{error,closed}}
    msg: roadrunner handler crashed
    handler: roadrunner_httparena_handler
    stacktrace: [{roadrunner_httparena_handler,consume_body,2,
                     [{file,"/src/src/roadrunner_httparena_handler.erl"},
                      {line,75}]},
                 {roadrunner_httparena_handler,upload_endpoint,1,
                     [{file,"/src/src/roadrunner_httparena_handler.erl"},
                      {line,65}]},
                 {roadrunner_compress,call,3,
                     [{file,
                          "/src/_build/default/lib/roadrunner/src/roadrunner_compress.erl"},
                      {line,77}]},
                 {roadrunner_conn_loop,run_pipeline,4,
                     [{file,
                          "/src/_build/default/lib/roadrunner/src/roadrunner_conn_loop.erl"},
                      {line,631}]},
                 {proc_lib,init_p_do_apply,3,
                     [{file,"proc_lib.erl"},{line,333}]}]
    class: error
=ERROR REPORT==== 11-Jun-2026::00:27:27.409996 ===
    reason: {case_clause,{error,closed}}
    msg: roadrunner handler crashed
    handler: roadrunner_httparena_handler
    stacktrace: [{roadrunner_httparena_handler,consume_body,2,
                     [{file,"/src/src/roadrunner_httparena_handler.erl"},
                      {line,75}]},
                 {roadrunner_httparena_handler,upload_endpoint,1,
                     [{file,"/src/src/roadrunner_httparena_handler.erl"},
                      {line,65}]},
                 {roadrunner_compress,call,3,
                     [{file,
                          "/src/_build/default/lib/roadrunner/src/roadrunner_compress.erl"},
                      {line,77}]},
                 {roadrunner_conn_loop,run_pipeline,4,
                     [{file,
                          "/src/_build/default/lib/roadrunner/src/roadrunner_conn_loop.erl"},
                      {line,631}]},
                 {proc_lib,init_p_do_apply,3,
                     [{file,"proc_lib.erl"},{line,333}]}]
    class: error
=ERROR REPORT==== 11-Jun-2026::00:27:27.410058 ===
    reason: {case_clause,{error,closed}}
    msg: roadrunner handler crashed
    handler: roadrunner_httparena_handler
    stacktrace: [{roadrunner_httparena_handler,consume_body,2,
                     [{file,"/src/src/roadrunner_httparena_handler.erl"},
                      {line,75}]},
                 {roadrunner_httparena_handler,upload_endpoint,1,
                     [{file,"/src/src/roadrunner_httparena_handler.erl"},
                      {line,65}]},
                 {roadrunner_compress,call,3,
                     [{file,
                          "/src/_build/default/lib/roadrunner/src/roadrunner_compress.erl"},
                      {line,77}]},
                 {roadrunner_conn_loop,run_pipeline,4,
                     [{file,
                          "/src/_build/default/lib/roadrunner/src/roadrunner_conn_loop.erl"},
                      {line,631}]},
                 {proc_lib,init_p_do_apply,3,
                     [{file,"proc_lib.erl"},{line,333}]}]
    class: error
=ERROR REPORT==== 11-Jun-2026::00:27:27.410016 ===
    reason: {case_clause,{error,closed}}
    msg: roadrunner handler crashed
    handler: roadrunner_httparena_handler
    stacktrace: [{roadrunner_httparena_handler,consume_body,2,
                     [{file,"/src/src/roadrunner_httparena_handler.erl"},
                      {line,75}]},
                 {roadrunner_httparena_handler,upload_endpoint,1,
                     [{file,"/src/src/roadrunner_httparena_handler.erl"},
                      {line,65}]},
                 {roadrunner_compress,call,3,
                     [{file,
                          "/src/_build/default/lib/roadrunner/src/roadrunner_compress.erl"},
                      {line,77}]},
                 {roadrunner_conn_loop,run_pipeline,4,
                     [{file,
                          "/src/_build/default/lib/roadrunner/src/roadrunner_conn_loop.erl"},
                      {line,631}]},
                 {proc_lib,init_p_do_apply,3,
                     [{file,"proc_lib.erl"},{line,333}]}]
    class: error
=ERROR REPORT==== 11-Jun-2026::00:27:27.410042 ===
    reason: {case_clause,{error,closed}}
    msg: roadrunner handler crashed
    handler: roadrunner_httparena_handler
    stacktrace: [{roadrunner_httparena_handler,consume_body,2,
                     [{file,"/src/src/roadrunner_httparena_handler.erl"},
                      {line,75}]},
                 {roadrunner_httparena_handler,upload_endpoint,1,
                     [{file,"/src/src/roadrunner_httparena_handler.erl"},
                      {line,65}]},
                 {roadrunner_compress,call,3,
                     [{file,
                          "/src/_build/default/lib/roadrunner/src/roadrunner_compress.erl"},
                      {line,77}]},
                 {roadrunner_conn_loop,run_pipeline,4,
                     [{file,
                          "/src/_build/default/lib/roadrunner/src/roadrunner_conn_loop.erl"},
                      {line,631}]},
                 {proc_lib,init_p_do_apply,3,
                     [{file,"proc_lib.erl"},{line,333}]}]
    class: error
=ERROR REPORT==== 11-Jun-2026::00:27:27.410038 ===
    reason: {case_clause,{error,closed}}
    msg: roadrunner handler crashed
    handler: roadrunner_httparena_handler
    stacktrace: [{roadrunner_httparena_handler,consume_body,2,
                     [{file,"/src/src/roadrunner_httparena_handler.erl"},
                      {line,75}]},
                 {roadrunner_httparena_handler,upload_endpoint,1,
                     [{file,"/src/src/roadrunner_httparena_handler.erl"},
                      {line,65}]},
                 {roadrunner_compress,call,3,
                     [{file,
                          "/src/_build/default/lib/roadrunner/src/roadrunner_compress.erl"},
                      {line,77}]},
                 {roadrunner_conn_loop,run_pipeline,4,
                     [{file,
                          "/src/_build/default/lib/roadrunner/src/roadrunner_conn_loop.erl"},
                      {line,631}]},
                 {proc_lib,init_p_do_apply,3,
                     [{file,"proc_lib.erl"},{line,333}]}]
    class: error
=ERROR REPORT==== 11-Jun-2026::00:27:27.410056 ===
    reason: {case_clause,{error,closed}}
    msg: roadrunner handler crashed
    handler: roadrunner_httparena_handler
    stacktrace: [{roadrunner_httparena_handler,consume_body,2,
                     [{file,"/src/src/roadrunner_httparena_handler.erl"},
                      {line,75}]},
                 {roadrunner_httparena_handler,upload_endpoint,1,
                     [{file,"/src/src/roadrunner_httparena_handler.erl"},
                      {line,65}]},
                 {roadrunner_compress,call,3,
                     [{file,
                          "/src/_build/default/lib/roadrunner/src/roadrunner_compress.erl"},
                      {line,77}]},
                 {roadrunner_conn_loop,run_pipeline,4,
                     [{file,
                          "/src/_build/default/lib/roadrunner/src/roadrunner_conn_loop.erl"},
                      {line,631}]},
                 {proc_lib,init_p_do_apply,3,
                     [{file,"proc_lib.erl"},{line,333}]}]
    class: error
=ERROR REPORT==== 11-Jun-2026::00:27:27.410020 ===
    reason: {case_clause,{error,closed}}
    msg: roadrunner handler crashed
    handler: roadrunner_httparena_handler
    stacktrace: [{roadrunner_httparena_handler,consume_body,2,
                     [{file,"/src/src/roadrunner_httparena_handler.erl"},
                      {line,75}]},
                 {roadrunner_httparena_handler,upload_endpoint,1,
                     [{file,"/src/src/roadrunner_httparena_handler.erl"},
                      {line,65}]},
                 {roadrunner_compress,call,3,
                     [{file,
                          "/src/_build/default/lib/roadrunner/src/roadrunner_compress.erl"},
                      {line,77}]},
                 {roadrunner_conn_loop,run_pipeline,4,
                     [{file,
                          "/src/_build/default/lib/roadrunner/src/roadrunner_conn_loop.erl"},
                      {line,631}]},
                 {proc_lib,init_p_do_apply,3,
                     [{file,"proc_lib.erl"},{line,333}]}]
    class: error
=ERROR REPORT==== 11-Jun-2026::00:27:27.410093 ===
    reason: {case_clause,{error,closed}}
    msg: roadrunner handler crashed
    handler: roadrunner_httparena_handler
    stacktrace: [{roadrunner_httparena_handler,consume_body,2,
                     [{file,"/src/src/roadrunner_httparena_handler.erl"},
                      {line,75}]},
                 {roadrunner_httparena_handler,upload_endpoint,1,
                     [{file,"/src/src/roadrunner_httparena_handler.erl"},
                      {line,65}]},
                 {roadrunner_compress,call,3,
                     [{file,
                          "/src/_build/default/lib/roadrunner/src/roadrunner_compress.erl"},
                      {line,77}]},
                 {roadrunner_conn_loop,run_pipeline,4,
                     [{file,
                          "/src/_build/default/lib/roadrunner/src/roadrunner_conn_loop.erl"},
                      {line,631}]},
                 {proc_lib,init_p_do_apply,3,
                     [{file,"proc_lib.erl"},{line,333}]}]
    class: error
