[1] Puma starting in cluster mode...
[1] * Puma version: 8.0.1 ("Into the Arena")
[1] * Ruby version: ruby 4.0.4 (2026-05-12 revision b89eb1bcbf) +YJIT +MN +PRISM [x86_64-linux]
[1] *  Min threads: 3
[1] *  Max threads: 3
[1] *  Environment: production
[1] *   Master PID: 1
[1] *      Workers: 64
[1] *     Restarts: (✔) hot (✖) phased (✖) refork
[1] * Preloading application
[1] * Listening on http://0.0.0.0:8080
[1] * Listening on ssl://0.0.0.0:8081?cert=/certs/server.crt&key=/certs/server.key
[1] Use Ctrl-C to stop
[1] ! WARNING: Detected `RUBY_MN_THREADS=1`
[1] ! This setting is known to cause performance regressions with Puma.
[1] ! Consider disabling this environment variable: https://github.com/puma/puma/issues/3720
[1] - Worker 0 (PID: 10) booted in 0.11s, phase: 0
[1] - Worker 1 (PID: 13) booted in 0.11s, phase: 0
[1] - Worker 2 (PID: 16) booted in 0.11s, phase: 0
[1] - Worker 3 (PID: 20) booted in 0.11s, phase: 0
[1] - Worker 4 (PID: 23) booted in 0.11s, phase: 0
[1] - Worker 5 (PID: 28) booted in 0.1s, phase: 0
[1] - Worker 6 (PID: 33) booted in 0.1s, phase: 0
[1] - Worker 7 (PID: 37) booted in 0.1s, phase: 0
[1] - Worker 8 (PID: 42) booted in 0.1s, phase: 0
[1] - Worker 9 (PID: 47) booted in 0.1s, phase: 0
[1] - Worker 10 (PID: 52) booted in 0.1s, phase: 0
[1] - Worker 11 (PID: 57) booted in 0.09s, phase: 0
[1] - Worker 12 (PID: 61) booted in 0.09s, phase: 0
[1] - Worker 13 (PID: 69) booted in 0.09s, phase: 0
[1] - Worker 14 (PID: 76) booted in 0.09s, phase: 0
[1] - Worker 15 (PID: 82) booted in 0.09s, phase: 0
[1] - Worker 16 (PID: 86) booted in 0.09s, phase: 0
[1] - Worker 17 (PID: 92) booted in 0.09s, phase: 0
[1] - Worker 18 (PID: 99) booted in 0.09s, phase: 0
[1] - Worker 19 (PID: 104) booted in 0.09s, phase: 0
[1] - Worker 20 (PID: 108) booted in 0.09s, phase: 0
[1] - Worker 21 (PID: 112) booted in 0.09s, phase: 0
[1] - Worker 22 (PID: 119) booted in 0.09s, phase: 0
[1] - Worker 23 (PID: 124) booted in 0.09s, phase: 0
[1] - Worker 24 (PID: 129) booted in 0.09s, phase: 0
[1] - Worker 25 (PID: 136) booted in 0.09s, phase: 0
[1] - Worker 26 (PID: 141) booted in 0.09s, phase: 0
[1] - Worker 27 (PID: 147) booted in 0.09s, phase: 0
[1] - Worker 28 (PID: 152) booted in 0.09s, phase: 0
[1] - Worker 29 (PID: 160) booted in 0.08s, phase: 0
[1] - Worker 30 (PID: 171) booted in 0.08s, phase: 0
[1] - Worker 31 (PID: 176) booted in 0.08s, phase: 0
[1] - Worker 32 (PID: 181) booted in 0.08s, phase: 0
[1] - Worker 33 (PID: 186) booted in 0.08s, phase: 0
[1] - Worker 34 (PID: 192) booted in 0.08s, phase: 0
[1] - Worker 35 (PID: 198) booted in 0.08s, phase: 0
[1] - Worker 36 (PID: 203) booted in 0.07s, phase: 0
[1] - Worker 37 (PID: 208) booted in 0.07s, phase: 0
[1] - Worker 38 (PID: 214) booted in 0.07s, phase: 0
[1] - Worker 39 (PID: 220) booted in 0.07s, phase: 0
[1] - Worker 40 (PID: 224) booted in 0.07s, phase: 0
[1] - Worker 41 (PID: 230) booted in 0.07s, phase: 0
[1] - Worker 42 (PID: 237) booted in 0.07s, phase: 0
[1] - Worker 43 (PID: 241) booted in 0.07s, phase: 0
[1] - Worker 44 (PID: 246) booted in 0.06s, phase: 0
[1] - Worker 45 (PID: 253) booted in 0.06s, phase: 0
[1] - Worker 46 (PID: 259) booted in 0.06s, phase: 0
[1] - Worker 47 (PID: 265) booted in 0.06s, phase: 0
[1] - Worker 48 (PID: 270) booted in 0.06s, phase: 0
[1] - Worker 49 (PID: 277) booted in 0.06s, phase: 0
[1] - Worker 50 (PID: 283) booted in 0.06s, phase: 0
[1] - Worker 51 (PID: 288) booted in 0.05s, phase: 0
[1] - Worker 52 (PID: 295) booted in 0.05s, phase: 0
[1] - Worker 53 (PID: 300) booted in 0.05s, phase: 0
[1] - Worker 54 (PID: 308) booted in 0.05s, phase: 0
[1] - Worker 55 (PID: 316) booted in 0.05s, phase: 0
[1] - Worker 56 (PID: 321) booted in 0.05s, phase: 0
[1] - Worker 57 (PID: 327) booted in 0.04s, phase: 0
[1] - Worker 58 (PID: 333) booted in 0.04s, phase: 0
[1] - Worker 59 (PID: 339) booted in 0.04s, phase: 0
[1] - Worker 60 (PID: 345) booted in 0.04s, phase: 0
[1] - Worker 61 (PID: 349) booted in 0.04s, phase: 0
[1] - Worker 62 (PID: 356) booted in 0.04s, phase: 0
[1] - Worker 63 (PID: 361) booted in 0.04s, phase: 0
